0 info it worked if it ends with ok
1 verbose cli [ '/usr/bin/node', '/usr/bin/npm', 'install', 'traf' ]
2 info using npm@3.5.2
3 info using node@v8.10.0
4 silly loadCurrentTree Starting
5 silly install loadCurrentTree
6 silly install readLocalPackageData
7 silly fetchPackageMetaData traf
8 silly fetchNamedPackageData traf
9 silly mapToRegistry name traf
10 silly mapToRegistry using default registry
11 silly mapToRegistry registry https://registry.npmjs.org/
12 silly mapToRegistry uri https://registry.npmjs.org/traf
13 verbose request uri https://registry.npmjs.org/traf
14 verbose request no auth needed
15 info attempt registry request try #1 at 9:12:13 AM
16 verbose request id 39a9f8c67b6a83e5
17 http request GET https://registry.npmjs.org/traf
18 http 200 https://registry.npmjs.org/traf
19 verbose headers { date: 'Mon, 18 Jul 2022 07:12:09 GMT',
19 verbose headers   'content-type': 'application/json',
19 verbose headers   'transfer-encoding': 'chunked',
19 verbose headers   connection: 'keep-alive',
19 verbose headers   'cf-ray': '72c9684bffa1bbce-FRA',
19 verbose headers   'access-control-allow-origin': '*',
19 verbose headers   'cache-control': 'public, max-age=300',
19 verbose headers   etag: 'W/"f6508d0d6c7104a8f5dae3d3ace14782"',
19 verbose headers   'last-modified': 'Mon, 27 Jun 2022 19:47:45 GMT',
19 verbose headers   vary: 'accept-encoding, accept',
19 verbose headers   'cf-cache-status': 'MISS',
19 verbose headers   'expect-ct': 'max-age=604800, report-uri="https://report-uri.cloudflare.com/cdn-cgi/beacon/expect-ct"',
19 verbose headers   'x-amz-replication-status': 'COMPLETED',
19 verbose headers   server: 'cloudflare',
19 verbose headers   'content-encoding': 'gzip' }
20 silly get cb [ 200,
20 silly get   { date: 'Mon, 18 Jul 2022 07:12:09 GMT',
20 silly get     'content-type': 'application/json',
20 silly get     'transfer-encoding': 'chunked',
20 silly get     connection: 'keep-alive',
20 silly get     'cf-ray': '72c9684bffa1bbce-FRA',
20 silly get     'access-control-allow-origin': '*',
20 silly get     'cache-control': 'public, max-age=300',
20 silly get     etag: 'W/"f6508d0d6c7104a8f5dae3d3ace14782"',
20 silly get     'last-modified': 'Mon, 27 Jun 2022 19:47:45 GMT',
20 silly get     vary: 'accept-encoding, accept',
20 silly get     'cf-cache-status': 'MISS',
20 silly get     'expect-ct': 'max-age=604800, report-uri="https://report-uri.cloudflare.com/cdn-cgi/beacon/expect-ct"',
20 silly get     'x-amz-replication-status': 'COMPLETED',
20 silly get     server: 'cloudflare',
20 silly get     'content-encoding': 'gzip' } ]
21 verbose get saving traf to /home/lena/.npm/registry.npmjs.org/traf/.cache.json
22 verbose makeDirectory /home/lena/.npm creation not in flight; initializing
23 silly makeDirectory /home/lena/.npm uid: 1000 gid: 1000
24 silly install normalizeTree
25 silly loadCurrentTree Finishing
26 silly loadIdealTree Starting
27 silly install loadIdealTree
28 silly cloneCurrentTree Starting
29 silly install cloneCurrentTreeToIdealTree
30 silly cloneCurrentTree Finishing
31 silly loadShrinkwrap Starting
32 silly install loadShrinkwrap
33 silly loadShrinkwrap Finishing
34 silly loadAllDepsIntoIdealTree Starting
35 silly install loadAllDepsIntoIdealTree
36 silly resolveWithNewModule traf@1.1.0 checking installable status
37 silly cache add args [ 'traf', null ]
38 verbose cache add spec traf
39 silly cache add parsed spec Result {
39 silly cache add   raw: 'traf',
39 silly cache add   scope: null,
39 silly cache add   name: 'traf',
39 silly cache add   rawSpec: '',
39 silly cache add   spec: 'latest',
39 silly cache add   type: 'tag' }
40 silly addNamed traf@latest
41 verbose addNamed "latest" is being treated as a dist-tag for traf
42 info addNameTag [ 'traf', 'latest' ]
43 silly mapToRegistry name traf
44 silly mapToRegistry using default registry
45 silly mapToRegistry registry https://registry.npmjs.org/
46 silly mapToRegistry uri https://registry.npmjs.org/traf
47 verbose addNameTag registry:https://registry.npmjs.org/traf not in flight; fetching
48 verbose get https://registry.npmjs.org/traf not expired, no request
49 silly addNameTag next cb for traf with tag latest
50 silly addNamed traf@1.1.0
51 verbose addNamed "1.1.0" is a plain semver version for traf
52 silly mapToRegistry name traf
53 silly mapToRegistry using default registry
54 silly mapToRegistry registry https://registry.npmjs.org/
55 silly mapToRegistry uri https://registry.npmjs.org/traf
56 verbose addRemoteTarball https://registry.npmjs.org/traf/-/traf-1.1.0.tgz not in flight; adding
57 verbose addRemoteTarball [ 'https://registry.npmjs.org/traf/-/traf-1.1.0.tgz',
57 verbose addRemoteTarball   '1dc9fc02d6bb80e28f798021df02618fdd3b4c3a' ]
58 info retry fetch attempt 1 at 9:12:13 AM
59 info attempt registry request try #1 at 9:12:13 AM
60 http fetch GET https://registry.npmjs.org/traf/-/traf-1.1.0.tgz
61 http fetch 200 https://registry.npmjs.org/traf/-/traf-1.1.0.tgz
62 silly fetchAndShaCheck shasum 1dc9fc02d6bb80e28f798021df02618fdd3b4c3a
63 verbose addTmpTarball /tmp/npm-1960-dbe31101/registry.npmjs.org/traf/-/traf-1.1.0.tgz not in flight; adding
64 verbose addTmpTarball already have metadata; skipping unpack for traf@1.1.0
65 silly cache afterAdd traf@1.1.0
66 verbose afterAdd /home/lena/.npm/traf/1.1.0/package/package.json not in flight; writing
67 verbose afterAdd /home/lena/.npm/traf/1.1.0/package/package.json written
68 silly fetchNamedPackageData async
69 silly mapToRegistry name async
70 silly mapToRegistry using default registry
71 silly mapToRegistry registry https://registry.npmjs.org/
72 silly mapToRegistry uri https://registry.npmjs.org/async
73 silly fetchNamedPackageData coffeescript
74 silly mapToRegistry name coffeescript
75 silly mapToRegistry using default registry
76 silly mapToRegistry registry https://registry.npmjs.org/
77 silly mapToRegistry uri https://registry.npmjs.org/coffeescript
78 silly fetchNamedPackageData cson
79 silly mapToRegistry name cson
80 silly mapToRegistry using default registry
81 silly mapToRegistry registry https://registry.npmjs.org/
82 silly mapToRegistry uri https://registry.npmjs.org/cson
83 silly fetchNamedPackageData cson-parser
84 silly mapToRegistry name cson-parser
85 silly mapToRegistry using default registry
86 silly mapToRegistry registry https://registry.npmjs.org/
87 silly mapToRegistry uri https://registry.npmjs.org/cson-parser
88 silly fetchNamedPackageData cson-safe
89 silly mapToRegistry name cson-safe
90 silly mapToRegistry using default registry
91 silly mapToRegistry registry https://registry.npmjs.org/
92 silly mapToRegistry uri https://registry.npmjs.org/cson-safe
93 silly fetchNamedPackageData csv-parse
94 silly mapToRegistry name csv-parse
95 silly mapToRegistry using default registry
96 silly mapToRegistry registry https://registry.npmjs.org/
97 silly mapToRegistry uri https://registry.npmjs.org/csv-parse
98 silly fetchNamedPackageData csv-parser
99 silly mapToRegistry name csv-parser
100 silly mapToRegistry using default registry
101 silly mapToRegistry registry https://registry.npmjs.org/
102 silly mapToRegistry uri https://registry.npmjs.org/csv-parser
103 silly fetchNamedPackageData csv-stringify
104 silly mapToRegistry name csv-stringify
105 silly mapToRegistry using default registry
106 silly mapToRegistry registry https://registry.npmjs.org/
107 silly mapToRegistry uri https://registry.npmjs.org/csv-stringify
108 silly fetchNamedPackageData js-yaml
109 silly mapToRegistry name js-yaml
110 silly mapToRegistry using default registry
111 silly mapToRegistry registry https://registry.npmjs.org/
112 silly mapToRegistry uri https://registry.npmjs.org/js-yaml
113 silly fetchNamedPackageData merge
114 silly mapToRegistry name merge
115 silly mapToRegistry using default registry
116 silly mapToRegistry registry https://registry.npmjs.org/
117 silly mapToRegistry uri https://registry.npmjs.org/merge
118 silly fetchNamedPackageData tson
119 silly mapToRegistry name tson
120 silly mapToRegistry using default registry
121 silly mapToRegistry registry https://registry.npmjs.org/
122 silly mapToRegistry uri https://registry.npmjs.org/tson
123 silly fetchNamedPackageData xml2js
124 silly mapToRegistry name xml2js
125 silly mapToRegistry using default registry
126 silly mapToRegistry registry https://registry.npmjs.org/
127 silly mapToRegistry uri https://registry.npmjs.org/xml2js
128 verbose request uri https://registry.npmjs.org/async
129 verbose request no auth needed
130 info attempt registry request try #1 at 9:12:14 AM
131 http request GET https://registry.npmjs.org/async
132 verbose request uri https://registry.npmjs.org/coffeescript
133 verbose request no auth needed
134 info attempt registry request try #1 at 9:12:14 AM
135 http request GET https://registry.npmjs.org/coffeescript
136 verbose request uri https://registry.npmjs.org/cson
137 verbose request no auth needed
138 info attempt registry request try #1 at 9:12:14 AM
139 http request GET https://registry.npmjs.org/cson
140 verbose request uri https://registry.npmjs.org/cson-parser
141 verbose request no auth needed
142 info attempt registry request try #1 at 9:12:14 AM
143 http request GET https://registry.npmjs.org/cson-parser
144 verbose request uri https://registry.npmjs.org/cson-safe
145 verbose request no auth needed
146 info attempt registry request try #1 at 9:12:14 AM
147 http request GET https://registry.npmjs.org/cson-safe
148 verbose request uri https://registry.npmjs.org/csv-parse
149 verbose request no auth needed
150 info attempt registry request try #1 at 9:12:14 AM
151 http request GET https://registry.npmjs.org/csv-parse
152 verbose request uri https://registry.npmjs.org/csv-parser
153 verbose request no auth needed
154 info attempt registry request try #1 at 9:12:14 AM
155 http request GET https://registry.npmjs.org/csv-parser
156 verbose request uri https://registry.npmjs.org/csv-stringify
157 verbose request no auth needed
158 info attempt registry request try #1 at 9:12:14 AM
159 http request GET https://registry.npmjs.org/csv-stringify
160 verbose request uri https://registry.npmjs.org/js-yaml
161 verbose request no auth needed
162 info attempt registry request try #1 at 9:12:14 AM
163 http request GET https://registry.npmjs.org/js-yaml
164 verbose request uri https://registry.npmjs.org/tson
165 verbose request no auth needed
166 info attempt registry request try #1 at 9:12:14 AM
167 http request GET https://registry.npmjs.org/tson
168 verbose request uri https://registry.npmjs.org/xml2js
169 verbose request no auth needed
170 info attempt registry request try #1 at 9:12:14 AM
171 http request GET https://registry.npmjs.org/xml2js
172 verbose request uri https://registry.npmjs.org/merge
173 verbose request no auth needed
174 info attempt registry request try #1 at 9:12:14 AM
175 http request GET https://registry.npmjs.org/merge
176 http 200 https://registry.npmjs.org/xml2js
177 verbose headers { date: 'Mon, 18 Jul 2022 07:12:10 GMT',
177 verbose headers   'content-type': 'application/json',
177 verbose headers   'transfer-encoding': 'chunked',
177 verbose headers   connection: 'keep-alive',
177 verbose headers   'cf-ray': '72c96850e8099b58-FRA',
177 verbose headers   'access-control-allow-origin': '*',
177 verbose headers   age: '65',
177 verbose headers   'cache-control': 'public, max-age=300',
177 verbose headers   etag: 'W/"9b229f429c294de0396a863f71dba6b4"',
177 verbose headers   'last-modified': 'Wed, 29 Jun 2022 05:38:31 GMT',
177 verbose headers   vary: 'accept-encoding, accept',
177 verbose headers   'cf-cache-status': 'HIT',
177 verbose headers   'expect-ct': 'max-age=604800, report-uri="https://report-uri.cloudflare.com/cdn-cgi/beacon/expect-ct"',
177 verbose headers   'x-amz-replication-status': 'PENDING',
177 verbose headers   server: 'cloudflare',
177 verbose headers   'content-encoding': 'gzip' }
178 silly get cb [ 200,
178 silly get   { date: 'Mon, 18 Jul 2022 07:12:10 GMT',
178 silly get     'content-type': 'application/json',
178 silly get     'transfer-encoding': 'chunked',
178 silly get     connection: 'keep-alive',
178 silly get     'cf-ray': '72c96850e8099b58-FRA',
178 silly get     'access-control-allow-origin': '*',
178 silly get     age: '65',
178 silly get     'cache-control': 'public, max-age=300',
178 silly get     etag: 'W/"9b229f429c294de0396a863f71dba6b4"',
178 silly get     'last-modified': 'Wed, 29 Jun 2022 05:38:31 GMT',
178 silly get     vary: 'accept-encoding, accept',
178 silly get     'cf-cache-status': 'HIT',
178 silly get     'expect-ct': 'max-age=604800, report-uri="https://report-uri.cloudflare.com/cdn-cgi/beacon/expect-ct"',
178 silly get     'x-amz-replication-status': 'PENDING',
178 silly get     server: 'cloudflare',
178 silly get     'content-encoding': 'gzip' } ]
179 verbose get saving xml2js to /home/lena/.npm/registry.npmjs.org/xml2js/.cache.json
180 http 200 https://registry.npmjs.org/merge
181 verbose headers { date: 'Mon, 18 Jul 2022 07:12:10 GMT',
181 verbose headers   'content-type': 'application/json',
181 verbose headers   'transfer-encoding': 'chunked',
181 verbose headers   connection: 'keep-alive',
181 verbose headers   'cf-ray': '72c96850eca0bb71-FRA',
181 verbose headers   'access-control-allow-origin': '*',
181 verbose headers   age: '240',
181 verbose headers   'cache-control': 'public, max-age=300',
181 verbose headers   etag: 'W/"cd7713cb28f1ed805dffe49ee6950c42"',
181 verbose headers   'last-modified': 'Sun, 19 Jun 2022 17:52:09 GMT',
181 verbose headers   vary: 'accept-encoding, accept',
181 verbose headers   'cf-cache-status': 'HIT',
181 verbose headers   'expect-ct': 'max-age=604800, report-uri="https://report-uri.cloudflare.com/cdn-cgi/beacon/expect-ct"',
181 verbose headers   'x-amz-replication-status': 'COMPLETED',
181 verbose headers   server: 'cloudflare',
181 verbose headers   'content-encoding': 'gzip' }
182 silly get cb [ 200,
182 silly get   { date: 'Mon, 18 Jul 2022 07:12:10 GMT',
182 silly get     'content-type': 'application/json',
182 silly get     'transfer-encoding': 'chunked',
182 silly get     connection: 'keep-alive',
182 silly get     'cf-ray': '72c96850eca0bb71-FRA',
182 silly get     'access-control-allow-origin': '*',
182 silly get     age: '240',
182 silly get     'cache-control': 'public, max-age=300',
182 silly get     etag: 'W/"cd7713cb28f1ed805dffe49ee6950c42"',
182 silly get     'last-modified': 'Sun, 19 Jun 2022 17:52:09 GMT',
182 silly get     vary: 'accept-encoding, accept',
182 silly get     'cf-cache-status': 'HIT',
182 silly get     'expect-ct': 'max-age=604800, report-uri="https://report-uri.cloudflare.com/cdn-cgi/beacon/expect-ct"',
182 silly get     'x-amz-replication-status': 'COMPLETED',
182 silly get     server: 'cloudflare',
182 silly get     'content-encoding': 'gzip' } ]
183 verbose get saving merge to /home/lena/.npm/registry.npmjs.org/merge/.cache.json
184 silly resolveWithNewModule xml2js@0.4.23 checking installable status
185 silly cache add args [ 'xml2js@^0.4.23', null ]
186 verbose cache add spec xml2js@^0.4.23
187 silly cache add parsed spec Result {
187 silly cache add   raw: 'xml2js@^0.4.23',
187 silly cache add   scope: null,
187 silly cache add   name: 'xml2js',
187 silly cache add   rawSpec: '^0.4.23',
187 silly cache add   spec: '>=0.4.23 <0.5.0',
187 silly cache add   type: 'range' }
188 silly addNamed xml2js@>=0.4.23 <0.5.0
189 verbose addNamed ">=0.4.23 <0.5.0" is a valid semver range for xml2js
190 silly addNameRange { name: 'xml2js', range: '>=0.4.23 <0.5.0', hasData: false }
191 silly mapToRegistry name xml2js
192 silly mapToRegistry using default registry
193 silly mapToRegistry registry https://registry.npmjs.org/
194 silly mapToRegistry uri https://registry.npmjs.org/xml2js
195 verbose addNameRange registry:https://registry.npmjs.org/xml2js not in flight; fetching
196 silly resolveWithNewModule merge@1.2.1 checking installable status
197 silly cache add args [ 'merge@1.2.1', null ]
198 verbose cache add spec merge@1.2.1
199 silly cache add parsed spec Result {
199 silly cache add   raw: 'merge@1.2.1',
199 silly cache add   scope: null,
199 silly cache add   name: 'merge',
199 silly cache add   rawSpec: '1.2.1',
199 silly cache add   spec: '1.2.1',
199 silly cache add   type: 'version' }
200 silly addNamed merge@1.2.1
201 verbose addNamed "1.2.1" is a plain semver version for merge
202 silly mapToRegistry name merge
203 silly mapToRegistry using default registry
204 silly mapToRegistry registry https://registry.npmjs.org/
205 silly mapToRegistry uri https://registry.npmjs.org/merge
206 verbose addNameVersion registry:https://registry.npmjs.org/merge not in flight; fetching
207 verbose get https://registry.npmjs.org/xml2js not expired, no request
208 silly addNameRange number 2 { name: 'xml2js', range: '>=0.4.23 <0.5.0', hasData: true }
209 silly addNameRange versions [ 'xml2js',
209 silly addNameRange   [ '0.1.0',
209 silly addNameRange     '0.1.1',
209 silly addNameRange     '0.1.2',
209 silly addNameRange     '0.1.3',
209 silly addNameRange     '0.1.4',
209 silly addNameRange     '0.1.5',
209 silly addNameRange     '0.1.6',
209 silly addNameRange     '0.1.7',
209 silly addNameRange     '0.1.8',
209 silly addNameRange     '0.1.9',
209 silly addNameRange     '0.1.10',
209 silly addNameRange     '0.1.11',
209 silly addNameRange     '0.1.12',
209 silly addNameRange     '0.1.13',
209 silly addNameRange     '0.1.14',
209 silly addNameRange     '0.2.0',
209 silly addNameRange     '0.2.1',
209 silly addNameRange     '0.2.2',
209 silly addNameRange     '0.2.3',
209 silly addNameRange     '0.2.4',
209 silly addNameRange     '0.2.5',
209 silly addNameRange     '0.2.6',
209 silly addNameRange     '0.2.7',
209 silly addNameRange     '0.2.8',
209 silly addNameRange     '0.4.0',
209 silly addNameRange     '0.4.1',
209 silly addNameRange     '0.4.2',
209 silly addNameRange     '0.4.3',
209 silly addNameRange     '0.4.4',
209 silly addNameRange     '0.4.5',
209 silly addNameRange     '0.4.6',
209 silly addNameRange     '0.4.7',
209 silly addNameRange     '0.4.8',
209 silly addNameRange     '0.4.9',
209 silly addNameRange     '0.4.10',
209 silly addNameRange     '0.4.11',
209 silly addNameRange     '0.4.12',
209 silly addNameRange     '0.4.13',
209 silly addNameRange     '0.4.1-4.1',
209 silly addNameRange     '0.4.15',
209 silly addNameRange     '0.4.16',
209 silly addNameRange     '0.4.17',
209 silly addNameRange     '0.4.18',
209 silly addNameRange     '0.4.19',
209 silly addNameRange     '0.4.20',
209 silly addNameRange     '0.4.21',
209 silly addNameRange     '0.4.22',
209 silly addNameRange     '0.4.23' ] ]
210 silly addNamed xml2js@0.4.23
211 verbose addNamed "0.4.23" is a plain semver version for xml2js
212 silly mapToRegistry name xml2js
213 silly mapToRegistry using default registry
214 silly mapToRegistry registry https://registry.npmjs.org/
215 silly mapToRegistry uri https://registry.npmjs.org/xml2js
216 verbose addRemoteTarball https://registry.npmjs.org/xml2js/-/xml2js-0.4.23.tgz not in flight; adding
217 verbose addRemoteTarball [ 'https://registry.npmjs.org/xml2js/-/xml2js-0.4.23.tgz',
217 verbose addRemoteTarball   'a0c69516752421eb2ac758ee4d4ccf58843eac66' ]
218 verbose get https://registry.npmjs.org/merge not expired, no request
219 info retry fetch attempt 1 at 9:12:14 AM
220 info attempt registry request try #1 at 9:12:14 AM
221 http fetch GET https://registry.npmjs.org/xml2js/-/xml2js-0.4.23.tgz
222 silly mapToRegistry name merge
223 silly mapToRegistry using default registry
224 silly mapToRegistry registry https://registry.npmjs.org/
225 silly mapToRegistry uri https://registry.npmjs.org/merge
226 verbose addRemoteTarball https://registry.npmjs.org/merge/-/merge-1.2.1.tgz not in flight; adding
227 verbose addRemoteTarball [ 'https://registry.npmjs.org/merge/-/merge-1.2.1.tgz',
227 verbose addRemoteTarball   '38bebf80c3220a8a487b6fcfb3941bb11720c145' ]
228 info retry fetch attempt 1 at 9:12:14 AM
229 info attempt registry request try #1 at 9:12:14 AM
230 http fetch GET https://registry.npmjs.org/merge/-/merge-1.2.1.tgz
231 http fetch 200 https://registry.npmjs.org/xml2js/-/xml2js-0.4.23.tgz
232 http fetch 200 https://registry.npmjs.org/merge/-/merge-1.2.1.tgz
233 silly fetchAndShaCheck shasum 38bebf80c3220a8a487b6fcfb3941bb11720c145
234 verbose addTmpTarball /tmp/npm-1960-dbe31101/registry.npmjs.org/merge/-/merge-1.2.1.tgz not in flight; adding
235 verbose addTmpTarball already have metadata; skipping unpack for merge@1.2.1
236 silly fetchAndShaCheck shasum a0c69516752421eb2ac758ee4d4ccf58843eac66
237 verbose addTmpTarball /tmp/npm-1960-dbe31101/registry.npmjs.org/xml2js/-/xml2js-0.4.23.tgz not in flight; adding
238 verbose addTmpTarball already have metadata; skipping unpack for xml2js@0.4.23
239 silly cache afterAdd merge@1.2.1
240 verbose afterAdd /home/lena/.npm/merge/1.2.1/package/package.json not in flight; writing
241 silly cache afterAdd xml2js@0.4.23
242 verbose afterAdd /home/lena/.npm/xml2js/0.4.23/package/package.json not in flight; writing
243 verbose afterAdd /home/lena/.npm/merge/1.2.1/package/package.json written
244 verbose afterAdd /home/lena/.npm/xml2js/0.4.23/package/package.json written
245 http 200 https://registry.npmjs.org/async
246 verbose headers { date: 'Mon, 18 Jul 2022 07:12:10 GMT',
246 verbose headers   'content-type': 'application/json',
246 verbose headers   'transfer-encoding': 'chunked',
246 verbose headers   connection: 'keep-alive',
246 verbose headers   'cf-ray': '72c9685099cabbce-FRA',
246 verbose headers   'access-control-allow-origin': '*',
246 verbose headers   'cache-control': 'public, max-age=300',
246 verbose headers   etag: 'W/"4ab7dfb1cde667faecf56bdca5fc1747"',
246 verbose headers   'last-modified': 'Fri, 08 Jul 2022 11:42:15 GMT',
246 verbose headers   vary: 'accept-encoding, accept',
246 verbose headers   'cf-cache-status': 'REVALIDATED',
246 verbose headers   'expect-ct': 'max-age=604800, report-uri="https://report-uri.cloudflare.com/cdn-cgi/beacon/expect-ct"',
246 verbose headers   'x-amz-replication-status': 'PENDING',
246 verbose headers   server: 'cloudflare',
246 verbose headers   'content-encoding': 'gzip' }
247 silly get cb [ 200,
247 silly get   { date: 'Mon, 18 Jul 2022 07:12:10 GMT',
247 silly get     'content-type': 'application/json',
247 silly get     'transfer-encoding': 'chunked',
247 silly get     connection: 'keep-alive',
247 silly get     'cf-ray': '72c9685099cabbce-FRA',
247 silly get     'access-control-allow-origin': '*',
247 silly get     'cache-control': 'public, max-age=300',
247 silly get     etag: 'W/"4ab7dfb1cde667faecf56bdca5fc1747"',
247 silly get     'last-modified': 'Fri, 08 Jul 2022 11:42:15 GMT',
247 silly get     vary: 'accept-encoding, accept',
247 silly get     'cf-cache-status': 'REVALIDATED',
247 silly get     'expect-ct': 'max-age=604800, report-uri="https://report-uri.cloudflare.com/cdn-cgi/beacon/expect-ct"',
247 silly get     'x-amz-replication-status': 'PENDING',
247 silly get     server: 'cloudflare',
247 silly get     'content-encoding': 'gzip' } ]
248 verbose get saving async to /home/lena/.npm/registry.npmjs.org/async/.cache.json
249 silly resolveWithNewModule async@3.2.4 checking installable status
250 silly cache add args [ 'async@^3.1.0', null ]
251 verbose cache add spec async@^3.1.0
252 silly cache add parsed spec Result {
252 silly cache add   raw: 'async@^3.1.0',
252 silly cache add   scope: null,
252 silly cache add   name: 'async',
252 silly cache add   rawSpec: '^3.1.0',
252 silly cache add   spec: '>=3.1.0 <4.0.0',
252 silly cache add   type: 'range' }
253 silly addNamed async@>=3.1.0 <4.0.0
254 verbose addNamed ">=3.1.0 <4.0.0" is a valid semver range for async
255 silly addNameRange { name: 'async', range: '>=3.1.0 <4.0.0', hasData: false }
256 silly mapToRegistry name async
257 silly mapToRegistry using default registry
258 silly mapToRegistry registry https://registry.npmjs.org/
259 silly mapToRegistry uri https://registry.npmjs.org/async
260 verbose addNameRange registry:https://registry.npmjs.org/async not in flight; fetching
261 verbose get https://registry.npmjs.org/async not expired, no request
262 silly addNameRange number 2 { name: 'async', range: '>=3.1.0 <4.0.0', hasData: true }
263 silly addNameRange versions [ 'async',
263 silly addNameRange   [ '0.1.0',
263 silly addNameRange     '0.1.1',
263 silly addNameRange     '0.1.2',
263 silly addNameRange     '0.1.3',
263 silly addNameRange     '0.1.4',
263 silly addNameRange     '0.1.5',
263 silly addNameRange     '0.1.6',
263 silly addNameRange     '0.1.7',
263 silly addNameRange     '0.1.8',
263 silly addNameRange     '0.1.9',
263 silly addNameRange     '0.1.10',
263 silly addNameRange     '0.1.11',
263 silly addNameRange     '0.1.12',
263 silly addNameRange     '0.1.13',
263 silly addNameRange     '0.1.14',
263 silly addNameRange     '0.1.15',
263 silly addNameRange     '0.1.16',
263 silly addNameRange     '0.1.17',
263 silly addNameRange     '0.1.18',
263 silly addNameRange     '0.1.19',
263 silly addNameRange     '0.1.20',
263 silly addNameRange     '0.1.21',
263 silly addNameRange     '0.1.22',
263 silly addNameRange     '0.2.0',
263 silly addNameRange     '0.2.1',
263 silly addNameRange     '0.2.2',
263 silly addNameRange     '0.2.3',
263 silly addNameRange     '0.2.4',
263 silly addNameRange     '0.2.5',
263 silly addNameRange     '0.2.6',
263 silly addNameRange     '0.2.7',
263 silly addNameRange     '0.2.8',
263 silly addNameRange     '0.2.9',
263 silly addNameRange     '0.2.10',
263 silly addNameRange     '0.3.0',
263 silly addNameRange     '0.4.0',
263 silly addNameRange     '0.4.1',
263 silly addNameRange     '0.5.0',
263 silly addNameRange     '0.6.0',
263 silly addNameRange     '0.6.1',
263 silly addNameRange     '0.6.2',
263 silly addNameRange     '0.7.0',
263 silly addNameRange     '0.8.0',
263 silly addNameRange     '0.9.0',
263 silly addNameRange     '0.9.2',
263 silly addNameRange     '1.0.0',
263 silly addNameRange     '1.1.0',
263 silly addNameRange     '1.2.0',
263 silly addNameRange     '1.1.1',
263 silly addNameRange     '1.2.1',
263 silly addNameRange     '1.3.0',
263 silly addNameRange     '1.4.0',
263 silly addNameRange     '1.4.1',
263 silly addNameRange     '1.4.2',
263 silly addNameRange     '1.5.0',
263 silly addNameRange     '1.5.1',
263 silly addNameRange     '1.5.2',
263 silly addNameRange     '2.0.0-alpha.0',
263 silly addNameRange     '2.0.0-rc.1',
263 silly addNameRange     '2.0.0-rc.2',
263 silly addNameRange     '2.0.0-rc.3',
263 silly addNameRange     '2.0.0-rc.4',
263 silly addNameRange     '2.0.0-rc.5',
263 silly addNameRange     '2.0.0-rc.6',
263 silly addNameRange     '2.0.0',
263 silly addNameRange     '2.0.1',
263 silly addNameRange     '2.1.0',
263 silly addNameRange     '2.1.1',
263 silly addNameRange     '2.1.2',
263 silly addNameRange     '2.1.4',
263 silly addNameRange     '2.1.5',
263 silly addNameRange     '2.2.0',
263 silly addNameRange     '2.3.0',
263 silly addNameRange     '2.4.0',
263 silly addNameRange     '2.4.1',
263 silly addNameRange     '2.5.0',
263 silly addNameRange     '2.6.0',
263 silly addNameRange     '2.6.1',
263 silly addNameRange     '3.0.1-0',
263 silly addNameRange     '2.6.2',
263 silly addNameRange     '3.0.0',
263 silly addNameRange     '3.0.1',
263 silly addNameRange     '3.1.0',
263 silly addNameRange     '2.6.3',
263 silly addNameRange     '3.1.1',
263 silly addNameRange     '3.2.0',
263 silly addNameRange     '3.2.1',
263 silly addNameRange     '3.2.2',
263 silly addNameRange     '3.2.3',
263 silly addNameRange     '2.6.4',
263 silly addNameRange     '3.2.4' ] ]
264 silly addNamed async@3.2.4
265 verbose addNamed "3.2.4" is a plain semver version for async
266 silly mapToRegistry name async
267 silly mapToRegistry using default registry
268 silly mapToRegistry registry https://registry.npmjs.org/
269 silly mapToRegistry uri https://registry.npmjs.org/async
270 verbose addRemoteTarball https://registry.npmjs.org/async/-/async-3.2.4.tgz not in flight; adding
271 verbose addRemoteTarball [ 'https://registry.npmjs.org/async/-/async-3.2.4.tgz',
271 verbose addRemoteTarball   '2d22e00f8cddeb5fde5dd33522b56d1cf569a81c' ]
272 info retry fetch attempt 1 at 9:12:14 AM
273 info attempt registry request try #1 at 9:12:14 AM
274 http fetch GET https://registry.npmjs.org/async/-/async-3.2.4.tgz
275 http 200 https://registry.npmjs.org/cson-parser
276 verbose headers { date: 'Mon, 18 Jul 2022 07:12:10 GMT',
276 verbose headers   'content-type': 'application/json',
276 verbose headers   'transfer-encoding': 'chunked',
276 verbose headers   connection: 'keep-alive',
276 verbose headers   'cf-ray': '72c96850dd958ff5-FRA',
276 verbose headers   'access-control-allow-origin': '*',
276 verbose headers   'cache-control': 'public, max-age=300',
276 verbose headers   etag: 'W/"abc0c94cd06ac55477e5408fdff5c4d0"',
276 verbose headers   'last-modified': 'Tue, 14 Jun 2022 04:22:01 GMT',
276 verbose headers   vary: 'accept-encoding, accept',
276 verbose headers   'cf-cache-status': 'REVALIDATED',
276 verbose headers   'expect-ct': 'max-age=604800, report-uri="https://report-uri.cloudflare.com/cdn-cgi/beacon/expect-ct"',
276 verbose headers   'x-amz-replication-status': 'COMPLETED',
276 verbose headers   server: 'cloudflare',
276 verbose headers   'content-encoding': 'gzip' }
277 silly get cb [ 200,
277 silly get   { date: 'Mon, 18 Jul 2022 07:12:10 GMT',
277 silly get     'content-type': 'application/json',
277 silly get     'transfer-encoding': 'chunked',
277 silly get     connection: 'keep-alive',
277 silly get     'cf-ray': '72c96850dd958ff5-FRA',
277 silly get     'access-control-allow-origin': '*',
277 silly get     'cache-control': 'public, max-age=300',
277 silly get     etag: 'W/"abc0c94cd06ac55477e5408fdff5c4d0"',
277 silly get     'last-modified': 'Tue, 14 Jun 2022 04:22:01 GMT',
277 silly get     vary: 'accept-encoding, accept',
277 silly get     'cf-cache-status': 'REVALIDATED',
277 silly get     'expect-ct': 'max-age=604800, report-uri="https://report-uri.cloudflare.com/cdn-cgi/beacon/expect-ct"',
277 silly get     'x-amz-replication-status': 'COMPLETED',
277 silly get     server: 'cloudflare',
277 silly get     'content-encoding': 'gzip' } ]
278 verbose get saving cson-parser to /home/lena/.npm/registry.npmjs.org/cson-parser/.cache.json
279 silly resolveWithNewModule cson-parser@4.0.9 checking installable status
280 silly cache add args [ 'cson-parser@^4.0.3', null ]
281 verbose cache add spec cson-parser@^4.0.3
282 silly cache add parsed spec Result {
282 silly cache add   raw: 'cson-parser@^4.0.3',
282 silly cache add   scope: null,
282 silly cache add   name: 'cson-parser',
282 silly cache add   rawSpec: '^4.0.3',
282 silly cache add   spec: '>=4.0.3 <5.0.0',
282 silly cache add   type: 'range' }
283 silly addNamed cson-parser@>=4.0.3 <5.0.0
284 verbose addNamed ">=4.0.3 <5.0.0" is a valid semver range for cson-parser
285 silly addNameRange { name: 'cson-parser', range: '>=4.0.3 <5.0.0', hasData: false }
286 silly mapToRegistry name cson-parser
287 silly mapToRegistry using default registry
288 silly mapToRegistry registry https://registry.npmjs.org/
289 silly mapToRegistry uri https://registry.npmjs.org/cson-parser
290 verbose addNameRange registry:https://registry.npmjs.org/cson-parser not in flight; fetching
291 verbose get https://registry.npmjs.org/cson-parser not expired, no request
292 silly addNameRange number 2 { name: 'cson-parser', range: '>=4.0.3 <5.0.0', hasData: true }
293 silly addNameRange versions [ 'cson-parser',
293 silly addNameRange   [ '1.0.6',
293 silly addNameRange     '1.0.7',
293 silly addNameRange     '1.0.8',
293 silly addNameRange     '1.0.9',
293 silly addNameRange     '1.1.0',
293 silly addNameRange     '1.1.1',
293 silly addNameRange     '1.2.0',
293 silly addNameRange     '1.3.0',
293 silly addNameRange     '1.3.2',
293 silly addNameRange     '1.3.3',
293 silly addNameRange     '1.3.4',
293 silly addNameRange     '1.3.5',
293 silly addNameRange     '2.0.0',
293 silly addNameRange     '2.0.1',
293 silly addNameRange     '3.0.0',
293 silly addNameRange     '4.0.0',
293 silly addNameRange     '4.0.1',
293 silly addNameRange     '4.0.2',
293 silly addNameRange     '4.0.3',
293 silly addNameRange     '4.0.4',
293 silly addNameRange     '4.0.5',
293 silly addNameRange     '4.0.6',
293 silly addNameRange     '4.0.7',
293 silly addNameRange     '4.0.8',
293 silly addNameRange     '4.0.9' ] ]
294 silly addNamed cson-parser@4.0.9
295 verbose addNamed "4.0.9" is a plain semver version for cson-parser
296 silly mapToRegistry name cson-parser
297 silly mapToRegistry using default registry
298 silly mapToRegistry registry https://registry.npmjs.org/
299 silly mapToRegistry uri https://registry.npmjs.org/cson-parser
300 verbose addRemoteTarball https://registry.npmjs.org/cson-parser/-/cson-parser-4.0.9.tgz not in flight; adding
301 verbose addRemoteTarball [ 'https://registry.npmjs.org/cson-parser/-/cson-parser-4.0.9.tgz',
301 verbose addRemoteTarball   'eef0cf77edd057f97861ef800300c8239224eedb' ]
302 info retry fetch attempt 1 at 9:12:14 AM
303 info attempt registry request try #1 at 9:12:14 AM
304 http fetch GET https://registry.npmjs.org/cson-parser/-/cson-parser-4.0.9.tgz
305 http 200 https://registry.npmjs.org/csv-stringify
306 verbose headers { date: 'Mon, 18 Jul 2022 07:12:10 GMT',
306 verbose headers   'content-type': 'application/json',
306 verbose headers   'transfer-encoding': 'chunked',
306 verbose headers   connection: 'keep-alive',
306 verbose headers   'cf-ray': '72c96850eba99156-FRA',
306 verbose headers   'access-control-allow-origin': '*',
306 verbose headers   'cache-control': 'public, max-age=300',
306 verbose headers   etag: 'W/"131648c66baf383fe7c321a939ad78d2"',
306 verbose headers   'last-modified': 'Sun, 10 Jul 2022 20:52:34 GMT',
306 verbose headers   vary: 'accept-encoding, accept',
306 verbose headers   'cf-cache-status': 'REVALIDATED',
306 verbose headers   'expect-ct': 'max-age=604800, report-uri="https://report-uri.cloudflare.com/cdn-cgi/beacon/expect-ct"',
306 verbose headers   'x-amz-replication-status': 'COMPLETED',
306 verbose headers   server: 'cloudflare',
306 verbose headers   'content-encoding': 'gzip' }
307 silly get cb [ 200,
307 silly get   { date: 'Mon, 18 Jul 2022 07:12:10 GMT',
307 silly get     'content-type': 'application/json',
307 silly get     'transfer-encoding': 'chunked',
307 silly get     connection: 'keep-alive',
307 silly get     'cf-ray': '72c96850eba99156-FRA',
307 silly get     'access-control-allow-origin': '*',
307 silly get     'cache-control': 'public, max-age=300',
307 silly get     etag: 'W/"131648c66baf383fe7c321a939ad78d2"',
307 silly get     'last-modified': 'Sun, 10 Jul 2022 20:52:34 GMT',
307 silly get     vary: 'accept-encoding, accept',
307 silly get     'cf-cache-status': 'REVALIDATED',
307 silly get     'expect-ct': 'max-age=604800, report-uri="https://report-uri.cloudflare.com/cdn-cgi/beacon/expect-ct"',
307 silly get     'x-amz-replication-status': 'COMPLETED',
307 silly get     server: 'cloudflare',
307 silly get     'content-encoding': 'gzip' } ]
308 verbose get saving csv-stringify to /home/lena/.npm/registry.npmjs.org/csv-stringify/.cache.json
309 http fetch 200 https://registry.npmjs.org/async/-/async-3.2.4.tgz
310 silly resolveWithNewModule csv-stringify@5.6.5 checking installable status
311 silly cache add args [ 'csv-stringify@^5.3.6', null ]
312 verbose cache add spec csv-stringify@^5.3.6
313 silly cache add parsed spec Result {
313 silly cache add   raw: 'csv-stringify@^5.3.6',
313 silly cache add   scope: null,
313 silly cache add   name: 'csv-stringify',
313 silly cache add   rawSpec: '^5.3.6',
313 silly cache add   spec: '>=5.3.6 <6.0.0',
313 silly cache add   type: 'range' }
314 silly addNamed csv-stringify@>=5.3.6 <6.0.0
315 verbose addNamed ">=5.3.6 <6.0.0" is a valid semver range for csv-stringify
316 silly addNameRange { name: 'csv-stringify',
316 silly addNameRange   range: '>=5.3.6 <6.0.0',
316 silly addNameRange   hasData: false }
317 silly mapToRegistry name csv-stringify
318 silly mapToRegistry using default registry
319 silly mapToRegistry registry https://registry.npmjs.org/
320 silly mapToRegistry uri https://registry.npmjs.org/csv-stringify
321 verbose addNameRange registry:https://registry.npmjs.org/csv-stringify not in flight; fetching
322 http 200 https://registry.npmjs.org/coffeescript
323 verbose headers { date: 'Mon, 18 Jul 2022 07:12:10 GMT',
323 verbose headers   'content-type': 'application/json',
323 verbose headers   'transfer-encoding': 'chunked',
323 verbose headers   connection: 'keep-alive',
323 verbose headers   'cf-ray': '72c96850dcb0bb5b-FRA',
323 verbose headers   'access-control-allow-origin': '*',
323 verbose headers   'cache-control': 'public, max-age=300',
323 verbose headers   etag: 'W/"c14fac1763e9f663d01a2a435c3ea5d0"',
323 verbose headers   'last-modified': 'Mon, 13 Jun 2022 06:28:39 GMT',
323 verbose headers   vary: 'accept-encoding, accept',
323 verbose headers   'cf-cache-status': 'REVALIDATED',
323 verbose headers   'expect-ct': 'max-age=604800, report-uri="https://report-uri.cloudflare.com/cdn-cgi/beacon/expect-ct"',
323 verbose headers   'x-amz-replication-status': 'COMPLETED',
323 verbose headers   server: 'cloudflare',
323 verbose headers   'content-encoding': 'gzip' }
324 silly get cb [ 200,
324 silly get   { date: 'Mon, 18 Jul 2022 07:12:10 GMT',
324 silly get     'content-type': 'application/json',
324 silly get     'transfer-encoding': 'chunked',
324 silly get     connection: 'keep-alive',
324 silly get     'cf-ray': '72c96850dcb0bb5b-FRA',
324 silly get     'access-control-allow-origin': '*',
324 silly get     'cache-control': 'public, max-age=300',
324 silly get     etag: 'W/"c14fac1763e9f663d01a2a435c3ea5d0"',
324 silly get     'last-modified': 'Mon, 13 Jun 2022 06:28:39 GMT',
324 silly get     vary: 'accept-encoding, accept',
324 silly get     'cf-cache-status': 'REVALIDATED',
324 silly get     'expect-ct': 'max-age=604800, report-uri="https://report-uri.cloudflare.com/cdn-cgi/beacon/expect-ct"',
324 silly get     'x-amz-replication-status': 'COMPLETED',
324 silly get     server: 'cloudflare',
324 silly get     'content-encoding': 'gzip' } ]
325 verbose get saving coffeescript to /home/lena/.npm/registry.npmjs.org/coffeescript/.cache.json
326 http 200 https://registry.npmjs.org/js-yaml
327 verbose headers { date: 'Mon, 18 Jul 2022 07:12:10 GMT',
327 verbose headers   'content-type': 'application/json',
327 verbose headers   'transfer-encoding': 'chunked',
327 verbose headers   connection: 'keep-alive',
327 verbose headers   'cf-ray': '72c96850e961901f-FRA',
327 verbose headers   'access-control-allow-origin': '*',
327 verbose headers   'cache-control': 'public, max-age=300',
327 verbose headers   etag: 'W/"8748b3ef6c0da130d6d4339dcfc1ddb5"',
327 verbose headers   'last-modified': 'Sun, 19 Jun 2022 05:47:22 GMT',
327 verbose headers   vary: 'accept-encoding, accept',
327 verbose headers   'cf-cache-status': 'REVALIDATED',
327 verbose headers   'expect-ct': 'max-age=604800, report-uri="https://report-uri.cloudflare.com/cdn-cgi/beacon/expect-ct"',
327 verbose headers   'x-amz-replication-status': 'COMPLETED',
327 verbose headers   server: 'cloudflare',
327 verbose headers   'content-encoding': 'gzip' }
328 silly get cb [ 200,
328 silly get   { date: 'Mon, 18 Jul 2022 07:12:10 GMT',
328 silly get     'content-type': 'application/json',
328 silly get     'transfer-encoding': 'chunked',
328 silly get     connection: 'keep-alive',
328 silly get     'cf-ray': '72c96850e961901f-FRA',
328 silly get     'access-control-allow-origin': '*',
328 silly get     'cache-control': 'public, max-age=300',
328 silly get     etag: 'W/"8748b3ef6c0da130d6d4339dcfc1ddb5"',
328 silly get     'last-modified': 'Sun, 19 Jun 2022 05:47:22 GMT',
328 silly get     vary: 'accept-encoding, accept',
328 silly get     'cf-cache-status': 'REVALIDATED',
328 silly get     'expect-ct': 'max-age=604800, report-uri="https://report-uri.cloudflare.com/cdn-cgi/beacon/expect-ct"',
328 silly get     'x-amz-replication-status': 'COMPLETED',
328 silly get     server: 'cloudflare',
328 silly get     'content-encoding': 'gzip' } ]
329 verbose get saving js-yaml to /home/lena/.npm/registry.npmjs.org/js-yaml/.cache.json
330 http fetch 200 https://registry.npmjs.org/cson-parser/-/cson-parser-4.0.9.tgz
331 verbose get https://registry.npmjs.org/csv-stringify not expired, no request
332 silly addNameRange number 2 { name: 'csv-stringify', range: '>=5.3.6 <6.0.0', hasData: true }
333 silly addNameRange versions [ 'csv-stringify',
333 silly addNameRange   [ '0.0.0',
333 silly addNameRange     '0.0.1',
333 silly addNameRange     '0.0.2',
333 silly addNameRange     '0.0.3',
333 silly addNameRange     '0.0.4',
333 silly addNameRange     '0.0.5',
333 silly addNameRange     '0.0.6',
333 silly addNameRange     '0.0.7',
333 silly addNameRange     '0.0.8',
333 silly addNameRange     '1.0.1',
333 silly addNameRange     '1.0.2',
333 silly addNameRange     '1.0.3',
333 silly addNameRange     '1.0.4',
333 silly addNameRange     '1.1.0',
333 silly addNameRange     '1.1.1',
333 silly addNameRange     '1.1.2',
333 silly addNameRange     '2.0.0',
333 silly addNameRange     '2.0.1',
333 silly addNameRange     '2.0.2',
333 silly addNameRange     '2.0.3',
333 silly addNameRange     '2.0.4',
333 silly addNameRange     '2.1.0',
333 silly addNameRange     '3.0.0',
333 silly addNameRange     '3.1.0',
333 silly addNameRange     '3.1.1',
333 silly addNameRange     '4.0.0',
333 silly addNameRange     '4.0.1',
333 silly addNameRange     '4.1.0',
333 silly addNameRange     '4.2.0',
333 silly addNameRange     '4.3.0',
333 silly addNameRange     '4.3.1',
333 silly addNameRange     '5.0.0',
333 silly addNameRange     '5.1.0',
333 silly addNameRange     '5.1.1',
333 silly addNameRange     '5.1.2',
333 silly addNameRange     '5.2.0',
333 silly addNameRange     '5.3.0',
333 silly addNameRange     '5.3.1',
333 silly addNameRange     '5.3.2',
333 silly addNameRange     '5.3.3',
333 silly addNameRange     '5.3.4',
333 silly addNameRange     '5.3.5',
333 silly addNameRange     '5.3.6',
333 silly addNameRange     '5.4.0',
333 silly addNameRange     '5.4.1',
333 silly addNameRange     '5.4.2',
333 silly addNameRange     '5.4.3',
333 silly addNameRange     '5.5.0',
333 silly addNameRange     '5.5.1',
333 silly addNameRange     '5.5.2',
333 silly addNameRange     '5.5.3',
333 silly addNameRange     '5.6.0',
333 silly addNameRange     '5.6.1',
333 silly addNameRange     '5.6.2',
333 silly addNameRange     '5.6.4',
333 silly addNameRange     '5.6.5',
333 silly addNameRange     '6.0.0',
333 silly addNameRange     '6.0.1',
333 silly addNameRange     '6.0.2',
333 silly addNameRange     '6.0.3',
333 silly addNameRange     '6.0.4',
333 silly addNameRange     '6.0.5',
333 silly addNameRange     '6.1.0',
333 silly addNameRange     '6.1.1',
333 silly addNameRange     '6.1.2',
333 silly addNameRange     '6.1.3',
333 silly addNameRange     '6.2.0' ] ]
334 silly addNamed csv-stringify@5.6.5
335 verbose addNamed "5.6.5" is a plain semver version for csv-stringify
336 silly mapToRegistry name csv-stringify
337 silly mapToRegistry using default registry
338 silly mapToRegistry registry https://registry.npmjs.org/
339 silly mapToRegistry uri https://registry.npmjs.org/csv-stringify
340 verbose addRemoteTarball https://registry.npmjs.org/csv-stringify/-/csv-stringify-5.6.5.tgz not in flight; adding
341 verbose addRemoteTarball [ 'https://registry.npmjs.org/csv-stringify/-/csv-stringify-5.6.5.tgz',
341 verbose addRemoteTarball   'c6d74badda4b49a79bf4e72f91cce1e33b94de00' ]
342 silly fetchAndShaCheck shasum eef0cf77edd057f97861ef800300c8239224eedb
343 info retry fetch attempt 1 at 9:12:14 AM
344 info attempt registry request try #1 at 9:12:14 AM
345 http fetch GET https://registry.npmjs.org/csv-stringify/-/csv-stringify-5.6.5.tgz
346 verbose addTmpTarball /tmp/npm-1960-dbe31101/registry.npmjs.org/cson-parser/-/cson-parser-4.0.9.tgz not in flight; adding
347 verbose addTmpTarball already have metadata; skipping unpack for cson-parser@4.0.9
348 silly resolveWithNewModule coffeescript@2.7.0 checking installable status
349 silly cache add args [ 'coffeescript@^2.5.0', null ]
350 verbose cache add spec coffeescript@^2.5.0
351 silly cache add parsed spec Result {
351 silly cache add   raw: 'coffeescript@^2.5.0',
351 silly cache add   scope: null,
351 silly cache add   name: 'coffeescript',
351 silly cache add   rawSpec: '^2.5.0',
351 silly cache add   spec: '>=2.5.0 <3.0.0',
351 silly cache add   type: 'range' }
352 silly addNamed coffeescript@>=2.5.0 <3.0.0
353 verbose addNamed ">=2.5.0 <3.0.0" is a valid semver range for coffeescript
354 silly addNameRange { name: 'coffeescript', range: '>=2.5.0 <3.0.0', hasData: false }
355 silly mapToRegistry name coffeescript
356 silly mapToRegistry using default registry
357 silly mapToRegistry registry https://registry.npmjs.org/
358 silly mapToRegistry uri https://registry.npmjs.org/coffeescript
359 verbose addNameRange registry:https://registry.npmjs.org/coffeescript not in flight; fetching
360 silly resolveWithNewModule js-yaml@3.14.1 checking installable status
361 silly cache add args [ 'js-yaml@^3.13.1', null ]
362 verbose cache add spec js-yaml@^3.13.1
363 silly cache add parsed spec Result {
363 silly cache add   raw: 'js-yaml@^3.13.1',
363 silly cache add   scope: null,
363 silly cache add   name: 'js-yaml',
363 silly cache add   rawSpec: '^3.13.1',
363 silly cache add   spec: '>=3.13.1 <4.0.0',
363 silly cache add   type: 'range' }
364 silly addNamed js-yaml@>=3.13.1 <4.0.0
365 verbose addNamed ">=3.13.1 <4.0.0" is a valid semver range for js-yaml
366 silly addNameRange { name: 'js-yaml', range: '>=3.13.1 <4.0.0', hasData: false }
367 silly mapToRegistry name js-yaml
368 silly mapToRegistry using default registry
369 silly mapToRegistry registry https://registry.npmjs.org/
370 silly mapToRegistry uri https://registry.npmjs.org/js-yaml
371 verbose addNameRange registry:https://registry.npmjs.org/js-yaml not in flight; fetching
372 verbose get https://registry.npmjs.org/coffeescript not expired, no request
373 silly addNameRange number 2 { name: 'coffeescript', range: '>=2.5.0 <3.0.0', hasData: true }
374 silly addNameRange versions [ 'coffeescript',
374 silly addNameRange   [ '99.999.9999',
374 silly addNameRange     '99.999.99999',
374 silly addNameRange     '0.7.0',
374 silly addNameRange     '0.7.1',
374 silly addNameRange     '0.7.2',
374 silly addNameRange     '0.9.0',
374 silly addNameRange     '0.9.1',
374 silly addNameRange     '0.9.2',
374 silly addNameRange     '0.9.3',
374 silly addNameRange     '0.9.4',
374 silly addNameRange     '0.9.5',
374 silly addNameRange     '0.9.6',
374 silly addNameRange     '1.0.0',
374 silly addNameRange     '1.0.1',
374 silly addNameRange     '1.1.0',
374 silly addNameRange     '1.1.1',
374 silly addNameRange     '1.1.2',
374 silly addNameRange     '1.1.3',
374 silly addNameRange     '1.2.0',
374 silly addNameRange     '1.3.0',
374 silly addNameRange     '1.3.1',
374 silly addNameRange     '1.3.2',
374 silly addNameRange     '1.3.3',
374 silly addNameRange     '1.4.0',
374 silly addNameRange     '1.5.0',
374 silly addNameRange     '1.6.0',
374 silly addNameRange     '1.6.1',
374 silly addNameRange     '1.6.2',
374 silly addNameRange     '1.6.3',
374 silly addNameRange     '1.7.0',
374 silly addNameRange     '1.8.0',
374 silly addNameRange     '1.9.0',
374 silly addNameRange     '1.9.1',
374 silly addNameRange     '1.9.2',
374 silly addNameRange     '1.9.3',
374 silly addNameRange     '1.10.0',
374 silly addNameRange     '1.11.0',
374 silly addNameRange     '1.11.1',
374 silly addNameRange     '1.12.0',
374 silly addNameRange     '1.12.1',
374 silly addNameRange     '1.12.2',
374 silly addNameRange     '1.12.3',
374 silly addNameRange     '1.12.4',
374 silly addNameRange     '2.0.0-alpha1',
374 silly addNameRange     '1.12.5',
374 silly addNameRange     '2.0.0-beta1',
374 silly addNameRange     '1.12.6',
374 silly addNameRange     '2.0.0-beta2',
374 silly addNameRange     '2.0.0-beta3',
374 silly addNameRange     '1.12.7',
374 silly addNameRange     '2.0.0-beta4',
374 silly addNameRange     '2.0.0-beta5',
374 silly addNameRange     '2.0.0',
374 silly addNameRange     '2.0.1',
374 silly addNameRange     '2.0.2',
374 silly addNameRange     '2.0.3',
374 silly addNameRange     '2.1.0',
374 silly addNameRange     '2.1.1',
374 silly addNameRange     '2.2.0',
374 silly addNameRange     '2.2.1',
374 silly addNameRange     '2.2.2',
374 silly addNameRange     '2.2.3',
374 silly addNameRange     '2.2.4',
374 silly addNameRange     '2.3.0',
374 silly addNameRange     '2.3.1',
374 silly addNameRange     '2.3.2',
374 silly addNameRange     '2.4.0',
374 silly addNameRange     '2.4.1',
374 silly addNameRange     '2.5.0',
374 silly addNameRange     '2.5.1',
374 silly addNameRange     '2.6.0',
374 silly addNameRange     '2.6.1',
374 silly addNameRange     '2.7.0' ] ]
375 silly addNamed coffeescript@2.7.0
376 verbose addNamed "2.7.0" is a plain semver version for coffeescript
377 silly fetchAndShaCheck shasum 2d22e00f8cddeb5fde5dd33522b56d1cf569a81c
378 silly mapToRegistry name coffeescript
379 silly mapToRegistry using default registry
380 silly mapToRegistry registry https://registry.npmjs.org/
381 silly mapToRegistry uri https://registry.npmjs.org/coffeescript
382 verbose addRemoteTarball https://registry.npmjs.org/coffeescript/-/coffeescript-2.7.0.tgz not in flight; adding
383 verbose addRemoteTarball [ 'https://registry.npmjs.org/coffeescript/-/coffeescript-2.7.0.tgz',
383 verbose addRemoteTarball   'a43ec03be6885d6d1454850ea70b9409c391279c' ]
384 verbose get https://registry.npmjs.org/js-yaml not expired, no request
385 silly addNameRange number 2 { name: 'js-yaml', range: '>=3.13.1 <4.0.0', hasData: true }
386 silly addNameRange versions [ 'js-yaml',
386 silly addNameRange   [ '0.2.0',
386 silly addNameRange     '0.2.1',
386 silly addNameRange     '0.2.2',
386 silly addNameRange     '0.3.0',
386 silly addNameRange     '0.3.1',
386 silly addNameRange     '0.3.2',
386 silly addNameRange     '0.3.3',
386 silly addNameRange     '0.3.4',
386 silly addNameRange     '0.3.5',
386 silly addNameRange     '0.3.6',
386 silly addNameRange     '0.3.7',
386 silly addNameRange     '1.0.0',
386 silly addNameRange     '1.0.1',
386 silly addNameRange     '1.0.2',
386 silly addNameRange     '1.0.3',
386 silly addNameRange     '2.0.0',
386 silly addNameRange     '2.0.1',
386 silly addNameRange     '2.0.2',
386 silly addNameRange     '2.0.3',
386 silly addNameRange     '2.0.4',
386 silly addNameRange     '2.0.5',
386 silly addNameRange     '2.1.0',
386 silly addNameRange     '2.1.1',
386 silly addNameRange     '2.1.2',
386 silly addNameRange     '2.1.3',
386 silly addNameRange     '3.0.0',
386 silly addNameRange     '3.0.1',
386 silly addNameRange     '3.0.2',
386 silly addNameRange     '3.1.0',
386 silly addNameRange     '3.2.1',
386 silly addNameRange     '3.2.2',
386 silly addNameRange     '3.2.3',
386 silly addNameRange     '3.2.4',
386 silly addNameRange     '3.2.5',
386 silly addNameRange     '3.2.6',
386 silly addNameRange     '3.2.7',
386 silly addNameRange     '3.3.0',
386 silly addNameRange     '3.3.1',
386 silly addNameRange     '3.4.0',
386 silly addNameRange     '3.4.1',
386 silly addNameRange     '3.4.2',
386 silly addNameRange     '3.4.3',
386 silly addNameRange     '3.4.4',
386 silly addNameRange     '3.4.5',
386 silly addNameRange     '3.4.6',
386 silly addNameRange     '3.5.0',
386 silly addNameRange     '3.5.1',
386 silly addNameRange     '3.5.2',
386 silly addNameRange     '3.5.3',
386 silly addNameRange     '3.5.4',
386 silly addNameRange     '3.5.5',
386 silly addNameRange     '3.6.0',
386 silly addNameRange     '3.6.1',
386 silly addNameRange     '3.7.0',
386 silly addNameRange     '3.8.0',
386 silly addNameRange     '3.8.1',
386 silly addNameRange     '3.8.2',
386 silly addNameRange     '3.8.3',
386 silly addNameRange     '3.8.4',
386 silly addNameRange     '3.9.0',
386 silly addNameRange     '3.9.1',
386 silly addNameRange     '3.10.0',
386 silly addNameRange     '3.11.0',
386 silly addNameRange     '3.12.0',
386 silly addNameRange     '3.12.1',
386 silly addNameRange     '3.12.2',
386 silly addNameRange     '3.13.0',
386 silly addNameRange     '3.13.1',
386 silly addNameRange     '3.14.0',
386 silly addNameRange     '3.14.1',
386 silly addNameRange     '4.0.0',
386 silly addNameRange     '4.1.0' ] ]
387 silly addNamed js-yaml@3.14.1
388 verbose addNamed "3.14.1" is a plain semver version for js-yaml
389 silly mapToRegistry name js-yaml
390 silly mapToRegistry using default registry
391 silly mapToRegistry registry https://registry.npmjs.org/
392 silly mapToRegistry uri https://registry.npmjs.org/js-yaml
393 verbose addRemoteTarball https://registry.npmjs.org/js-yaml/-/js-yaml-3.14.1.tgz not in flight; adding
394 verbose addRemoteTarball [ 'https://registry.npmjs.org/js-yaml/-/js-yaml-3.14.1.tgz',
394 verbose addRemoteTarball   'dae812fdb3825fa306609a8717383c50c36a0537' ]
395 info retry fetch attempt 1 at 9:12:14 AM
396 info attempt registry request try #1 at 9:12:14 AM
397 http fetch GET https://registry.npmjs.org/coffeescript/-/coffeescript-2.7.0.tgz
398 verbose addTmpTarball /tmp/npm-1960-dbe31101/registry.npmjs.org/async/-/async-3.2.4.tgz not in flight; adding
399 verbose addTmpTarball already have metadata; skipping unpack for async@3.2.4
400 info retry fetch attempt 1 at 9:12:14 AM
401 info attempt registry request try #1 at 9:12:14 AM
402 http fetch GET https://registry.npmjs.org/js-yaml/-/js-yaml-3.14.1.tgz
403 http 200 https://registry.npmjs.org/csv-parse
404 verbose headers { date: 'Mon, 18 Jul 2022 07:12:10 GMT',
404 verbose headers   'content-type': 'application/json',
404 verbose headers   'transfer-encoding': 'chunked',
404 verbose headers   connection: 'keep-alive',
404 verbose headers   'cf-ray': '72c96850ef479ba7-FRA',
404 verbose headers   'access-control-allow-origin': '*',
404 verbose headers   'cache-control': 'public, max-age=300',
404 verbose headers   etag: 'W/"effd50754d8ab8d8100c8894b82c5a33"',
404 verbose headers   'last-modified': 'Sun, 10 Jul 2022 20:52:33 GMT',
404 verbose headers   vary: 'accept-encoding, accept',
404 verbose headers   'cf-cache-status': 'REVALIDATED',
404 verbose headers   'expect-ct': 'max-age=604800, report-uri="https://report-uri.cloudflare.com/cdn-cgi/beacon/expect-ct"',
404 verbose headers   'x-amz-replication-status': 'COMPLETED',
404 verbose headers   server: 'cloudflare',
404 verbose headers   'content-encoding': 'gzip' }
405 silly get cb [ 200,
405 silly get   { date: 'Mon, 18 Jul 2022 07:12:10 GMT',
405 silly get     'content-type': 'application/json',
405 silly get     'transfer-encoding': 'chunked',
405 silly get     connection: 'keep-alive',
405 silly get     'cf-ray': '72c96850ef479ba7-FRA',
405 silly get     'access-control-allow-origin': '*',
405 silly get     'cache-control': 'public, max-age=300',
405 silly get     etag: 'W/"effd50754d8ab8d8100c8894b82c5a33"',
405 silly get     'last-modified': 'Sun, 10 Jul 2022 20:52:33 GMT',
405 silly get     vary: 'accept-encoding, accept',
405 silly get     'cf-cache-status': 'REVALIDATED',
405 silly get     'expect-ct': 'max-age=604800, report-uri="https://report-uri.cloudflare.com/cdn-cgi/beacon/expect-ct"',
405 silly get     'x-amz-replication-status': 'COMPLETED',
405 silly get     server: 'cloudflare',
405 silly get     'content-encoding': 'gzip' } ]
406 verbose get saving csv-parse to /home/lena/.npm/registry.npmjs.org/csv-parse/.cache.json
407 silly cache afterAdd cson-parser@4.0.9
408 verbose afterAdd /home/lena/.npm/cson-parser/4.0.9/package/package.json not in flight; writing
409 silly resolveWithNewModule csv-parse@4.16.3 checking installable status
410 silly cache add args [ 'csv-parse@^4.8.5', null ]
411 verbose cache add spec csv-parse@^4.8.5
412 silly cache add parsed spec Result {
412 silly cache add   raw: 'csv-parse@^4.8.5',
412 silly cache add   scope: null,
412 silly cache add   name: 'csv-parse',
412 silly cache add   rawSpec: '^4.8.5',
412 silly cache add   spec: '>=4.8.5 <5.0.0',
412 silly cache add   type: 'range' }
413 silly addNamed csv-parse@>=4.8.5 <5.0.0
414 verbose addNamed ">=4.8.5 <5.0.0" is a valid semver range for csv-parse
415 silly addNameRange { name: 'csv-parse', range: '>=4.8.5 <5.0.0', hasData: false }
416 silly mapToRegistry name csv-parse
417 silly mapToRegistry using default registry
418 silly mapToRegistry registry https://registry.npmjs.org/
419 silly mapToRegistry uri https://registry.npmjs.org/csv-parse
420 verbose addNameRange registry:https://registry.npmjs.org/csv-parse not in flight; fetching
421 http fetch 200 https://registry.npmjs.org/csv-stringify/-/csv-stringify-5.6.5.tgz
422 verbose afterAdd /home/lena/.npm/cson-parser/4.0.9/package/package.json written
423 verbose get https://registry.npmjs.org/csv-parse not expired, no request
424 silly addNameRange number 2 { name: 'csv-parse', range: '>=4.8.5 <5.0.0', hasData: true }
425 silly addNameRange versions [ 'csv-parse',
425 silly addNameRange   [ '0.0.0',
425 silly addNameRange     '0.0.1',
425 silly addNameRange     '0.0.2',
425 silly addNameRange     '0.0.3',
425 silly addNameRange     '0.0.4',
425 silly addNameRange     '0.0.5',
425 silly addNameRange     '0.0.6',
425 silly addNameRange     '0.0.8',
425 silly addNameRange     '0.0.9',
425 silly addNameRange     '0.1.0',
425 silly addNameRange     '0.1.1',
425 silly addNameRange     '0.1.2',
425 silly addNameRange     '0.1.3',
425 silly addNameRange     '0.1.4',
425 silly addNameRange     '1.0.0',
425 silly addNameRange     '1.0.1',
425 silly addNameRange     '1.0.2',
425 silly addNameRange     '1.0.3',
425 silly addNameRange     '1.0.4',
425 silly addNameRange     '1.0.5',
425 silly addNameRange     '1.0.6',
425 silly addNameRange     '1.1.0',
425 silly addNameRange     '1.1.1',
425 silly addNameRange     '1.1.2',
425 silly addNameRange     '1.1.3',
425 silly addNameRange     '1.1.4',
425 silly addNameRange     '1.1.5',
425 silly addNameRange     '1.1.6',
425 silly addNameRange     '1.1.7',
425 silly addNameRange     '1.1.8',
425 silly addNameRange     '1.1.9',
425 silly addNameRange     '1.1.10',
425 silly addNameRange     '1.1.11',
425 silly addNameRange     '1.1.12',
425 silly addNameRange     '1.2.0',
425 silly addNameRange     '1.2.1',
425 silly addNameRange     '1.2.2',
425 silly addNameRange     '1.2.3',
425 silly addNameRange     '1.2.4',
425 silly addNameRange     '1.3.0',
425 silly addNameRange     '1.3.1',
425 silly addNameRange     '1.3.2',
425 silly addNameRange     '1.3.3',
425 silly addNameRange     '2.0.0',
425 silly addNameRange     '2.0.2',
425 silly addNameRange     '2.0.3',
425 silly addNameRange     '2.0.4',
425 silly addNameRange     '2.1.0',
425 silly addNameRange     '2.2.0',
425 silly addNameRange     '2.3.0',
425 silly addNameRange     '2.4.0',
425 silly addNameRange     '2.4.1',
425 silly addNameRange     '2.5.0',
425 silly addNameRange     '3.0.0',
425 silly addNameRange     '3.1.0',
425 silly addNameRange     '3.1.1',
425 silly addNameRange     '3.1.2',
425 silly addNameRange     '3.1.3',
425 silly addNameRange     '3.2.0',
425 silly addNameRange     '4.0.0',
425 silly addNameRange     '4.0.1',
425 silly addNameRange     '4.1.0',
425 silly addNameRange     '4.2.0',
425 silly addNameRange     '4.3.0',
425 silly addNameRange     '4.3.1',
425 silly addNameRange     '4.3.2',
425 silly addNameRange     '4.3.3',
425 silly addNameRange     '4.3.4',
425 silly addNameRange     '4.4.0',
425 silly addNameRange     '4.4.1',
425 silly addNameRange     '4.4.2',
425 silly addNameRange     '4.4.3',
425 silly addNameRange     '4.4.4',
425 silly addNameRange     '4.4.5',
425 silly addNameRange     '4.4.6',
425 silly addNameRange     '4.4.7',
425 silly addNameRange     '4.5.0',
425 silly addNameRange     '4.6.0',
425 silly addNameRange     '4.6.1',
425 silly addNameRange     '4.6.2',
425 silly addNameRange     '4.6.3',
425 silly addNameRange     '4.6.4',
425 silly addNameRange     '4.6.5',
425 silly addNameRange     '4.7.0',
425 silly addNameRange     '4.8.0',
425 silly addNameRange     '4.8.1',
425 silly addNameRange     '4.8.2',
425 silly addNameRange     '4.8.3',
425 silly addNameRange     '4.8.4',
425 silly addNameRange     '4.8.5',
425 silly addNameRange     '4.8.6',
425 silly addNameRange     '4.8.7',
425 silly addNameRange     '4.8.8',
425 silly addNameRange     '4.8.9',
425 silly addNameRange     '4.9.0',
425 silly addNameRange     '4.9.1',
425 silly addNameRange     '4.10.0',
425 silly addNameRange     '4.10.1',
425 silly addNameRange     '4.11.1',
425 silly addNameRange     '4.12.0',
425 silly addNameRange     ... 23 more items ] ]
426 silly addNamed csv-parse@4.16.3
427 verbose addNamed "4.16.3" is a plain semver version for csv-parse
428 silly mapToRegistry name csv-parse
429 silly mapToRegistry using default registry
430 silly mapToRegistry registry https://registry.npmjs.org/
431 silly mapToRegistry uri https://registry.npmjs.org/csv-parse
432 verbose addRemoteTarball https://registry.npmjs.org/csv-parse/-/csv-parse-4.16.3.tgz not in flight; adding
433 verbose addRemoteTarball [ 'https://registry.npmjs.org/csv-parse/-/csv-parse-4.16.3.tgz',
433 verbose addRemoteTarball   '7ca624d517212ebc520a36873c3478fa66efbaf7' ]
434 silly cache afterAdd async@3.2.4
435 verbose afterAdd /home/lena/.npm/async/3.2.4/package/package.json not in flight; writing
436 info retry fetch attempt 1 at 9:12:14 AM
437 info attempt registry request try #1 at 9:12:14 AM
438 http fetch GET https://registry.npmjs.org/csv-parse/-/csv-parse-4.16.3.tgz
439 http fetch 200 https://registry.npmjs.org/js-yaml/-/js-yaml-3.14.1.tgz
440 http fetch 200 https://registry.npmjs.org/coffeescript/-/coffeescript-2.7.0.tgz
441 verbose afterAdd /home/lena/.npm/async/3.2.4/package/package.json written
442 silly fetchAndShaCheck shasum c6d74badda4b49a79bf4e72f91cce1e33b94de00
443 verbose addTmpTarball /tmp/npm-1960-dbe31101/registry.npmjs.org/csv-stringify/-/csv-stringify-5.6.5.tgz not in flight; adding
444 verbose addTmpTarball already have metadata; skipping unpack for csv-stringify@5.6.5
445 silly cache afterAdd csv-stringify@5.6.5
446 verbose afterAdd /home/lena/.npm/csv-stringify/5.6.5/package/package.json not in flight; writing
447 verbose afterAdd /home/lena/.npm/csv-stringify/5.6.5/package/package.json written
448 http 200 https://registry.npmjs.org/cson
449 verbose headers { date: 'Mon, 18 Jul 2022 07:12:10 GMT',
449 verbose headers   'content-type': 'application/json',
449 verbose headers   'transfer-encoding': 'chunked',
449 verbose headers   connection: 'keep-alive',
449 verbose headers   'cf-ray': '72c96850dd97916a-FRA',
449 verbose headers   'access-control-allow-origin': '*',
449 verbose headers   'cache-control': 'public, max-age=300',
449 verbose headers   etag: 'W/"9f7c27b9daa8fe18243f937fb97016e4"',
449 verbose headers   'last-modified': 'Tue, 14 Jun 2022 04:21:49 GMT',
449 verbose headers   vary: 'accept-encoding, accept',
449 verbose headers   'cf-cache-status': 'REVALIDATED',
449 verbose headers   'expect-ct': 'max-age=604800, report-uri="https://report-uri.cloudflare.com/cdn-cgi/beacon/expect-ct"',
449 verbose headers   'x-amz-replication-status': 'COMPLETED',
449 verbose headers   server: 'cloudflare',
449 verbose headers   'content-encoding': 'gzip' }
450 silly get cb [ 200,
450 silly get   { date: 'Mon, 18 Jul 2022 07:12:10 GMT',
450 silly get     'content-type': 'application/json',
450 silly get     'transfer-encoding': 'chunked',
450 silly get     connection: 'keep-alive',
450 silly get     'cf-ray': '72c96850dd97916a-FRA',
450 silly get     'access-control-allow-origin': '*',
450 silly get     'cache-control': 'public, max-age=300',
450 silly get     etag: 'W/"9f7c27b9daa8fe18243f937fb97016e4"',
450 silly get     'last-modified': 'Tue, 14 Jun 2022 04:21:49 GMT',
450 silly get     vary: 'accept-encoding, accept',
450 silly get     'cf-cache-status': 'REVALIDATED',
450 silly get     'expect-ct': 'max-age=604800, report-uri="https://report-uri.cloudflare.com/cdn-cgi/beacon/expect-ct"',
450 silly get     'x-amz-replication-status': 'COMPLETED',
450 silly get     server: 'cloudflare',
450 silly get     'content-encoding': 'gzip' } ]
451 verbose get saving cson to /home/lena/.npm/registry.npmjs.org/cson/.cache.json
452 http fetch 200 https://registry.npmjs.org/csv-parse/-/csv-parse-4.16.3.tgz
453 silly fetchAndShaCheck shasum dae812fdb3825fa306609a8717383c50c36a0537
454 verbose addTmpTarball /tmp/npm-1960-dbe31101/registry.npmjs.org/js-yaml/-/js-yaml-3.14.1.tgz not in flight; adding
455 verbose addTmpTarball already have metadata; skipping unpack for js-yaml@3.14.1
456 verbose stack Error: Missing required argument #1
456 verbose stack     at andLogAndFinish (/usr/share/npm/lib/fetch-package-metadata.js:31:3)
456 verbose stack     at fetchPackageMetadata (/usr/share/npm/lib/fetch-package-metadata.js:51:22)
456 verbose stack     at resolveWithNewModule (/usr/share/npm/lib/install/deps.js:456:12)
456 verbose stack     at /usr/share/npm/lib/install/deps.js:457:7
456 verbose stack     at /usr/share/npm/node_modules/iferr/index.js:13:50
456 verbose stack     at /usr/share/npm/lib/fetch-package-metadata.js:37:12
456 verbose stack     at addRequestedAndFinish (/usr/share/npm/lib/fetch-package-metadata.js:82:5)
456 verbose stack     at returnAndAddMetadata (/usr/share/npm/lib/fetch-package-metadata.js:117:7)
456 verbose stack     at pickVersionFromRegistryDocument (/usr/share/npm/lib/fetch-package-metadata.js:134:20)
456 verbose stack     at /usr/share/npm/node_modules/iferr/index.js:13:50
457 verbose cwd /home/lena/src/github/ocr-d/ocrd-website
458 error Linux 5.10.102.1-microsoft-standard-WSL2
459 error argv "/usr/bin/node" "/usr/bin/npm" "install" "traf"
460 error node v8.10.0
461 error npm  v3.5.2
462 error code EMISSINGARG
463 error typeerror Error: Missing required argument #1
463 error typeerror     at andLogAndFinish (/usr/share/npm/lib/fetch-package-metadata.js:31:3)
463 error typeerror     at fetchPackageMetadata (/usr/share/npm/lib/fetch-package-metadata.js:51:22)
463 error typeerror     at resolveWithNewModule (/usr/share/npm/lib/install/deps.js:456:12)
463 error typeerror     at /usr/share/npm/lib/install/deps.js:457:7
463 error typeerror     at /usr/share/npm/node_modules/iferr/index.js:13:50
463 error typeerror     at /usr/share/npm/lib/fetch-package-metadata.js:37:12
463 error typeerror     at addRequestedAndFinish (/usr/share/npm/lib/fetch-package-metadata.js:82:5)
463 error typeerror     at returnAndAddMetadata (/usr/share/npm/lib/fetch-package-metadata.js:117:7)
463 error typeerror     at pickVersionFromRegistryDocument (/usr/share/npm/lib/fetch-package-metadata.js:134:20)
463 error typeerror     at /usr/share/npm/node_modules/iferr/index.js:13:50
464 error typeerror This is an error with npm itself. Please report this error at:
464 error typeerror     <http://github.com/npm/npm/issues>
465 verbose exit [ 1, true ]
